<?xml version="1.0" encoding="utf-8"?>
<test-run id="2" testcasecount="12" result="Passed" total="12" passed="12" failed="0" inconclusive="0" skipped="0" asserts="0" engine-version="3.5.0.0" clr-version="4.0.30319.42000" start-time="2026-04-09 08:18:20Z" end-time="2026-04-09 08:18:48Z" duration="20.6521974">
  <test-suite type="TestSuite" id="1023" name="Deadlight" fullname="Deadlight" runstate="Runnable" testcasecount="12" result="Passed" start-time="2026-04-09 08:18:20Z" end-time="2026-04-09 08:18:48Z" duration="20.652197" total="12" passed="12" failed="0" inconclusive="0" skipped="0" asserts="0">
    <properties>
      <property name="platform" value="PlayMode" />
    </properties>
    <test-suite type="Assembly" id="1017" name="Deadlight.PlayModeTests.dll" fullname="/Users/simar/deadlight/tmp/playtest_clone/Library/ScriptAssemblies/Deadlight.PlayModeTests.dll" runstate="Runnable" testcasecount="12" result="Passed" start-time="2026-04-09 08:18:20Z" end-time="2026-04-09 08:18:48Z" duration="20.647881" total="12" passed="12" failed="0" inconclusive="0" skipped="0" asserts="0">
      <properties>
        <property name="_PID" value="44937" />
        <property name="_APPDOMAIN" value="Unity Child Domain" />
        <property name="platform" value="PlayMode" />
        <property name="EditorOnly" value="False" />
      </properties>
      <test-suite type="TestSuite" id="1018" name="Deadlight" fullname="Deadlight" runstate="Runnable" testcasecount="12" result="Passed" start-time="2026-04-09 08:18:20Z" end-time="2026-04-09 08:18:48Z" duration="20.647517" total="12" passed="12" failed="0" inconclusive="0" skipped="0" asserts="0">
        <properties />
        <test-suite type="TestSuite" id="1019" name="Tests" fullname="Deadlight.Tests" runstate="Runnable" testcasecount="12" result="Passed" start-time="2026-04-09 08:18:20Z" end-time="2026-04-09 08:18:48Z" duration="20.647239" total="12" passed="12" failed="0" inconclusive="0" skipped="0" asserts="0">
          <properties />
          <test-suite type="TestSuite" id="1020" name="PlayMode" fullname="Deadlight.Tests.PlayMode" runstate="Runnable" testcasecount="12" result="Passed" start-time="2026-04-09 08:18:20Z" end-time="2026-04-09 08:18:48Z" duration="20.646934" total="12" passed="12" failed="0" inconclusive="0" skipped="0" asserts="0">
            <properties />
            <test-suite type="TestFixture" id="1001" name="DaytimePrepRuntimeTests" fullname="Deadlight.Tests.PlayMode.DaytimePrepRuntimeTests" classname="Deadlight.Tests.PlayMode.DaytimePrepRuntimeTests" runstate="Runnable" testcasecount="6" result="Passed" start-time="2026-04-09 08:18:20Z" end-time="2026-04-09 08:18:47Z" duration="19.826709" total="6" passed="6" failed="0" inconclusive="0" skipped="0" asserts="0">
              <properties />
              <test-case id="1004" name="ContestedCrate_SecureAndExpireFlows_WorkAndGrantRewards" fullname="Deadlight.Tests.PlayMode.DaytimePrepRuntimeTests.ContestedCrate_SecureAndExpireFlows_WorkAndGrantRewards" methodname="ContestedCrate_SecureAndExpireFlows_WorkAndGrantRewards" classname="Deadlight.Tests.PlayMode.DaytimePrepRuntimeTests" runstate="Runnable" seed="1810940443" result="Passed" start-time="2026-04-09 08:18:20Z" end-time="2026-04-09 08:18:38Z" duration="10.376877" asserts="0">
                <properties>
                  <property name="_JOINTYPE" value="UnityCombinatorial" />
                  <property name="retryIteration" value="0" />
                  <property name="repeatIteration" value="0" />
                </properties>
                <output><![CDATA[[GameManager] State changed to: DayPhase
[NarrativeManager] Loaded 0 dialogues
[NarrativeManager] Loaded 9 default dialogues
[PointsSystem] +140 points (Contested Drop). Total: 140
[ResourceManager] Added 4 Scrap. Total: 4
[ResourceManager] Added 3 Wood. Total: 3
[ResourceManager] Added 2 Chemicals. Total: 2
[ResourceManager] Added 1 Electronics. Total: 1
[ResourceManager] Added 1 BlueprintToken. Total: 1
[PlayerHealth] Healed 30. Health: 100/100
]]></output>
              </test-case>
              <test-case id="1002" name="Crafting_DayOnly_SpendsResources_RespectsCaps_AndAppliesNightPrep" fullname="Deadlight.Tests.PlayMode.DaytimePrepRuntimeTests.Crafting_DayOnly_SpendsResources_RespectsCaps_AndAppliesNightPrep" methodname="Crafting_DayOnly_SpendsResources_RespectsCaps_AndAppliesNightPrep" classname="Deadlight.Tests.PlayMode.DaytimePrepRuntimeTests" runstate="Runnable" seed="29240413" result="Passed" start-time="2026-04-09 08:18:38Z" end-time="2026-04-09 08:18:38Z" duration="0.026199" asserts="0">
                <properties>
                  <property name="_JOINTYPE" value="UnityCombinatorial" />
                  <property name="retryIteration" value="0" />
                  <property name="repeatIteration" value="0" />
                </properties>
                <output><![CDATA[[DayNightCycle] Day phase started
[GameManager] State changed to: DayPhase
[NarrativeManager] Night changed to 1
[ResourceManager] Spent 4 Scrap. Remaining: 16
[ResourceManager] Spent 2 Wood. Remaining: 18
[ResourceManager] Spent 4 Scrap. Remaining: 12
[ResourceManager] Spent 2 Wood. Remaining: 16
[ResourceManager] Spent 2 Chemicals. Remaining: 18
[ResourceManager] Spent 1 Wood. Remaining: 15
[ResourceManager] Spent 1 Electronics. Remaining: 19
[ResourceManager] Spent 1 BlueprintToken. Remaining: 4
[DayNightCycle] Night phase started
[PlayerHealth] Healed 25. Health: 100/100
[GameManager] State changed to: NightPhase
]]></output>
              </test-case>
              <test-case id="1005" name="DayContestedDrop_FiresOncePerDay_AndProgressesStateFlow" fullname="Deadlight.Tests.PlayMode.DaytimePrepRuntimeTests.DayContestedDrop_FiresOncePerDay_AndProgressesStateFlow" methodname="DayContestedDrop_FiresOncePerDay_AndProgressesStateFlow" classname="Deadlight.Tests.PlayMode.DaytimePrepRuntimeTests" runstate="Runnable" seed="1895691940" result="Passed" start-time="2026-04-09 08:18:38Z" end-time="2026-04-09 08:18:47Z" duration="9.012031" asserts="0">
                <properties>
                  <property name="_JOINTYPE" value="UnityCombinatorial" />
                  <property name="retryIteration" value="0" />
                  <property name="repeatIteration" value="0" />
                </properties>
                <output><![CDATA[[DayNightCycle] Day phase started
[GameManager] State changed to: DayPhase
[NarrativeManager] Night changed to 1
]]></output>
              </test-case>
              <test-case id="1003" name="NoPrepDay_AppliesSoftPenalty_ButSecuredDropRemovesIt" fullname="Deadlight.Tests.PlayMode.DaytimePrepRuntimeTests.NoPrepDay_AppliesSoftPenalty_ButSecuredDropRemovesIt" methodname="NoPrepDay_AppliesSoftPenalty_ButSecuredDropRemovesIt" classname="Deadlight.Tests.PlayMode.DaytimePrepRuntimeTests" runstate="Runnable" seed="203586398" result="Passed" start-time="2026-04-09 08:18:47Z" end-time="2026-04-09 08:18:47Z" duration="0.020511" asserts="0">
                <properties>
                  <property name="_JOINTYPE" value="UnityCombinatorial" />
                  <property name="retryIteration" value="0" />
                  <property name="repeatIteration" value="0" />
                </properties>
                <output><![CDATA[[DayNightCycle] Day phase started
[GameManager] State changed to: DayPhase
[NarrativeManager] Night changed to 1
[DayNightCycle] Night phase started
[GameManager] State changed to: NightPhase
[NarrativeManager] Night changed to 2
[DayNightCycle] Day phase started
[GameManager] State changed to: DayPhase
]]></output>
              </test-case>
              <test-case id="1007" name="Regression_RegularCrateLootAndNightEmergencyDrop_StillWork" fullname="Deadlight.Tests.PlayMode.DaytimePrepRuntimeTests.Regression_RegularCrateLootAndNightEmergencyDrop_StillWork" methodname="Regression_RegularCrateLootAndNightEmergencyDrop_StillWork" classname="Deadlight.Tests.PlayMode.DaytimePrepRuntimeTests" runstate="Runnable" seed="1760288917" result="Passed" start-time="2026-04-09 08:18:47Z" end-time="2026-04-09 08:18:47Z" duration="0.367485" asserts="0">
                <properties>
                  <property name="_JOINTYPE" value="UnityCombinatorial" />
                  <property name="retryIteration" value="0" />
                  <property name="repeatIteration" value="0" />
                </properties>
                <output><![CDATA[[DayNightCycle] Day phase started
[GameManager] State changed to: DayPhase
[NarrativeManager] Night changed to 1
[PointsSystem] +60 points (Day Objective Completed). Total: 60
[ResourceManager] Added 2 Salvage. Total: 2
[ResourceManager] Added 1 TechParts. Total: 1
[DayNightCycle] Night phase started
[GameManager] State changed to: NightPhase
]]></output>
              </test-case>
              <test-case id="1006" name="ResourcePickup_AddsResource_AndShowsCraftingPurposeHint" fullname="Deadlight.Tests.PlayMode.DaytimePrepRuntimeTests.ResourcePickup_AddsResource_AndShowsCraftingPurposeHint" methodname="ResourcePickup_AddsResource_AndShowsCraftingPurposeHint" classname="Deadlight.Tests.PlayMode.DaytimePrepRuntimeTests" runstate="Runnable" seed="1855168186" result="Passed" start-time="2026-04-09 08:18:47Z" end-time="2026-04-09 08:18:47Z" duration="0.016069" asserts="0">
                <properties>
                  <property name="_JOINTYPE" value="UnityCombinatorial" />
                  <property name="retryIteration" value="0" />
                  <property name="repeatIteration" value="0" />
                </properties>
                <output><![CDATA[[DayNightCycle] Day phase started
[GameManager] State changed to: DayPhase
[NarrativeManager] Night changed to 1
[ResourceManager] Added 2 Scrap. Total: 2
]]></output>
              </test-case>
            </test-suite>
            <test-suite type="TestFixture" id="1008" name="EdgeFlowSmokeRuntimeTests" fullname="Deadlight.Tests.PlayMode.EdgeFlowSmokeRuntimeTests" classname="Deadlight.Tests.PlayMode.EdgeFlowSmokeRuntimeTests" runstate="Runnable" testcasecount="4" result="Passed" start-time="2026-04-09 08:18:47Z" end-time="2026-04-09 08:18:48Z" duration="0.783282" total="4" passed="4" failed="0" inconclusive="0" skipped="0" asserts="0">
              <properties />
              <test-case id="1011" name="Marker_DropMarkerIsRemovedImmediatelyWhenCrateLooted" fullname="Deadlight.Tests.PlayMode.EdgeFlowSmokeRuntimeTests.Marker_DropMarkerIsRemovedImmediatelyWhenCrateLooted" methodname="Marker_DropMarkerIsRemovedImmediatelyWhenCrateLooted" classname="Deadlight.Tests.PlayMode.EdgeFlowSmokeRuntimeTests" runstate="Runnable" seed="661752318" result="Passed" start-time="2026-04-09 08:18:47Z" end-time="2026-04-09 08:18:47Z" duration="0.027165" asserts="0">
                <properties>
                  <property name="_JOINTYPE" value="UnityCombinatorial" />
                  <property name="retryIteration" value="0" />
                  <property name="repeatIteration" value="0" />
                </properties>
                <output><![CDATA[[DayNightCycle] Day phase started
[GameManager] State changed to: DayPhase
[NarrativeManager] Night changed to 1
[PointsSystem] +60 points (Day Objective Completed). Total: 60
[ResourceManager] Added 2 Salvage. Total: 2
[ResourceManager] Added 1 TechParts. Total: 1
]]></output>
              </test-case>
              <test-case id="1012" name="Marker_FastDayToNightTransition_DoesNotRestoreMissionMarkers" fullname="Deadlight.Tests.PlayMode.EdgeFlowSmokeRuntimeTests.Marker_FastDayToNightTransition_DoesNotRestoreMissionMarkers" methodname="Marker_FastDayToNightTransition_DoesNotRestoreMissionMarkers" classname="Deadlight.Tests.PlayMode.EdgeFlowSmokeRuntimeTests" runstate="Runnable" seed="31868716" result="Passed" start-time="2026-04-09 08:18:47Z" end-time="2026-04-09 08:18:48Z" duration="0.675129" asserts="0">
                <properties>
                  <property name="_JOINTYPE" value="UnityCombinatorial" />
                  <property name="retryIteration" value="0" />
                  <property name="repeatIteration" value="0" />
                </properties>
                <output><![CDATA[[DayNightCycle] Day phase started
[GameManager] State changed to: DayPhase
[NarrativeManager] Night changed to 1
[DayNightCycle] Night phase started
[GameManager] State changed to: NightPhase
]]></output>
              </test-case>
              <test-case id="1010" name="ObjectiveMissPenalty_ForcesAdvanceAndAppliesExactlyOneNight" fullname="Deadlight.Tests.PlayMode.EdgeFlowSmokeRuntimeTests.ObjectiveMissPenalty_ForcesAdvanceAndAppliesExactlyOneNight" methodname="ObjectiveMissPenalty_ForcesAdvanceAndAppliesExactlyOneNight" classname="Deadlight.Tests.PlayMode.EdgeFlowSmokeRuntimeTests" runstate="Runnable" seed="250470595" result="Passed" start-time="2026-04-09 08:18:48Z" end-time="2026-04-09 08:18:48Z" duration="0.045458" asserts="0">
                <properties>
                  <property name="_JOINTYPE" value="UnityCombinatorial" />
                  <property name="retryIteration" value="0" />
                  <property name="repeatIteration" value="0" />
                </properties>
                <output><![CDATA[[DayNightCycle] Day phase started
[GameManager] State changed to: DayPhase
[NarrativeManager] Night changed to 1
[DayNightCycle] Night phase started
[GameManager] State changed to: NightPhase
[PointsSystem] +150 points (Night Survived). Total: 150
[PointsSystem] +50 points (Night Grade B). Total: 200
[PointsSystem] +100 points (Night 1 Milestone). Total: 300
[ProgressionManager] Milestone completed: Night 1 cleared - First Dawn supply stipend
[GameManager] State changed to: DawnPhase
[NarrativeManager] Night changed to 2
[DayNightCycle] Day phase started
[GameManager] State changed to: DayPhase
[PointsSystem] +200 points (Night Survived). Total: 500
[PointsSystem] +50 points (Night Grade B). Total: 550
[PointsSystem] +125 points (Night 2 Milestone). Total: 675
[ProgressionManager] Milestone completed: Night 2 cleared - Escalation supply stipend
[GameManager] State changed to: DawnPhase
[NarrativeManager] Night changed to 3
[DayNightCycle] Day phase started
[GameManager] State changed to: DayPhase
]]></output>
              </test-case>
              <test-case id="1009" name="RetryDawn_DoesNotGrantNightRewardOrIncrementSurvivedCount" fullname="Deadlight.Tests.PlayMode.EdgeFlowSmokeRuntimeTests.RetryDawn_DoesNotGrantNightRewardOrIncrementSurvivedCount" methodname="RetryDawn_DoesNotGrantNightRewardOrIncrementSurvivedCount" classname="Deadlight.Tests.PlayMode.EdgeFlowSmokeRuntimeTests" runstate="Runnable" seed="1984624723" result="Passed" start-time="2026-04-09 08:18:48Z" end-time="2026-04-09 08:18:48Z" duration="0.033478" asserts="0">
                <properties>
                  <property name="_JOINTYPE" value="UnityCombinatorial" />
                  <property name="retryIteration" value="0" />
                  <property name="repeatIteration" value="0" />
                </properties>
                <output><![CDATA[[DayNightCycle] Day phase started
[GameManager] State changed to: DayPhase
[NarrativeManager] Night changed to 1
[DayNightCycle] Night phase started
[GameManager] State changed to: NightPhase
[PointsSystem] +100 points (Night 1 Milestone). Total: 100
[ProgressionManager] Milestone completed: Night 1 cleared - First Dawn supply stipend
[GameManager] State changed to: DawnPhase
[NarrativeManager] Night changed to 1
[DayNightCycle] Day phase started
[GameManager] State changed to: DayPhase
]]></output>
              </test-case>
            </test-suite>
            <test-suite type="TestFixture" id="1013" name="LevelTransitionResetRuntimeTests" fullname="Deadlight.Tests.PlayMode.LevelTransitionResetRuntimeTests" classname="Deadlight.Tests.PlayMode.LevelTransitionResetRuntimeTests" runstate="Runnable" testcasecount="1" result="Passed" start-time="2026-04-09 08:18:48Z" end-time="2026-04-09 08:18:48Z" duration="0.025672" total="1" passed="1" failed="0" inconclusive="0" skipped="0" asserts="0">
              <properties />
              <test-case id="1014" name="StartNextLevel_ResetsPointsUpgradesAndLoadout" fullname="Deadlight.Tests.PlayMode.LevelTransitionResetRuntimeTests.StartNextLevel_ResetsPointsUpgradesAndLoadout" methodname="StartNextLevel_ResetsPointsUpgradesAndLoadout" classname="Deadlight.Tests.PlayMode.LevelTransitionResetRuntimeTests" runstate="Runnable" seed="912890301" result="Passed" start-time="2026-04-09 08:18:48Z" end-time="2026-04-09 08:18:48Z" duration="0.023556" asserts="0">
                <properties>
                  <property name="_JOINTYPE" value="UnityCombinatorial" />
                  <property name="retryIteration" value="0" />
                  <property name="repeatIteration" value="0" />
                </properties>
                <output><![CDATA[[DayNightCycle] Day phase started
[GameManager] State changed to: DayPhase
[NarrativeManager] Night changed to 1
[PointsSystem] +600 points (test seed). Total: 600
[PointsSystem] -75 points (Damage Upgrade). Remaining: 525
[NarrativeManager] Night changed to 2
]]></output>
              </test-case>
            </test-suite>
            <test-suite type="TestFixture" id="1015" name="WeaponLoadoutRuntimeTests" fullname="Deadlight.Tests.PlayMode.WeaponLoadoutRuntimeTests" classname="Deadlight.Tests.PlayMode.WeaponLoadoutRuntimeTests" runstate="Runnable" testcasecount="1" result="Passed" start-time="2026-04-09 08:18:48Z" end-time="2026-04-09 08:18:48Z" duration="0.010358" total="1" passed="1" failed="0" inconclusive="0" skipped="0" asserts="0">
              <properties />
              <test-case id="1016" name="Loadout_AllowsFourWeapons_AndRejectsFifth" fullname="Deadlight.Tests.PlayMode.WeaponLoadoutRuntimeTests.Loadout_AllowsFourWeapons_AndRejectsFifth" methodname="Loadout_AllowsFourWeapons_AndRejectsFifth" classname="Deadlight.Tests.PlayMode.WeaponLoadoutRuntimeTests" runstate="Runnable" seed="1703655485" result="Passed" start-time="2026-04-09 08:18:48Z" end-time="2026-04-09 08:18:48Z" duration="0.008282" asserts="0">
                <properties>
                  <property name="_JOINTYPE" value="UnityCombinatorial" />
                  <property name="retryIteration" value="0" />
                  <property name="repeatIteration" value="0" />
                </properties>
                <output><![CDATA[Saving results to: /Users/simar/Library/Application Support/Group16/Deadlight/TestResults.xml
]]></output>
              </test-case>
            </test-suite>
          </test-suite>
        </test-suite>
      </test-suite>
    </test-suite>
  </test-suite>
</test-run>