<?xml version="1.0" encoding="utf-8"?>
<test-run id="2" testcasecount="7" result="Passed" total="7" passed="7" failed="0" inconclusive="0" skipped="0" asserts="0" engine-version="3.5.0.0" clr-version="4.0.30319.42000" start-time="2026-04-23 01:59:01Z" end-time="2026-04-23 01:59:02Z" duration="1.4603038">
  <test-suite type="TestSuite" id="1017" name="Deadlight" fullname="Deadlight" runstate="Runnable" testcasecount="7" result="Passed" start-time="2026-04-23 01:59:01Z" end-time="2026-04-23 01:59:02Z" duration="1.460304" total="7" passed="7" failed="0" inconclusive="0" skipped="0" asserts="0">
    <properties>
      <property name="platform" value="PlayMode" />
    </properties>
    <test-suite type="Assembly" id="1011" name="Deadlight.PlayModeTests.dll" fullname="/private/tmp/deadlight_submission_check/Library/ScriptAssemblies/Deadlight.PlayModeTests.dll" runstate="Runnable" testcasecount="7" result="Passed" start-time="2026-04-23 01:59:01Z" end-time="2026-04-23 01:59:02Z" duration="1.456902" total="7" passed="7" failed="0" inconclusive="0" skipped="0" asserts="0">
      <properties>
        <property name="_PID" value="17817" />
        <property name="_APPDOMAIN" value="Unity Child Domain" />
        <property name="platform" value="PlayMode" />
        <property name="EditorOnly" value="False" />
      </properties>
      <test-suite type="TestSuite" id="1012" name="Deadlight" fullname="Deadlight" runstate="Runnable" testcasecount="7" result="Passed" start-time="2026-04-23 01:59:01Z" end-time="2026-04-23 01:59:02Z" duration="1.456566" total="7" passed="7" failed="0" inconclusive="0" skipped="0" asserts="0">
        <properties />
        <test-suite type="TestSuite" id="1013" name="Tests" fullname="Deadlight.Tests" runstate="Runnable" testcasecount="7" result="Passed" start-time="2026-04-23 01:59:01Z" end-time="2026-04-23 01:59:02Z" duration="1.456350" total="7" passed="7" failed="0" inconclusive="0" skipped="0" asserts="0">
          <properties />
          <test-suite type="TestSuite" id="1014" name="PlayMode" fullname="Deadlight.Tests.PlayMode" runstate="Runnable" testcasecount="7" result="Passed" start-time="2026-04-23 01:59:01Z" end-time="2026-04-23 01:59:02Z" duration="1.456114" total="7" passed="7" failed="0" inconclusive="0" skipped="0" asserts="0">
            <properties />
            <test-suite type="TestFixture" id="1001" name="EdgeFlowSmokeRuntimeTests" fullname="Deadlight.Tests.PlayMode.EdgeFlowSmokeRuntimeTests" classname="Deadlight.Tests.PlayMode.EdgeFlowSmokeRuntimeTests" runstate="Runnable" testcasecount="5" result="Passed" start-time="2026-04-23 01:59:01Z" end-time="2026-04-23 01:59:02Z" duration="1.445432" total="5" passed="5" failed="0" inconclusive="0" skipped="0" asserts="0">
              <properties />
              <test-case id="1005" name="Marker_DropMarkerIsRemovedImmediatelyWhenCrateLooted" fullname="Deadlight.Tests.PlayMode.EdgeFlowSmokeRuntimeTests.Marker_DropMarkerIsRemovedImmediatelyWhenCrateLooted" methodname="Marker_DropMarkerIsRemovedImmediatelyWhenCrateLooted" classname="Deadlight.Tests.PlayMode.EdgeFlowSmokeRuntimeTests" runstate="Runnable" seed="1783297072" result="Passed" start-time="2026-04-23 01:59:01Z" end-time="2026-04-23 01:59:01Z" duration="0.739896" asserts="0">
                <properties>
                  <property name="_JOINTYPE" value="UnityCombinatorial" />
                  <property name="retryIteration" value="0" />
                  <property name="repeatIteration" value="0" />
                </properties>
                <output><![CDATA[[GameManager] State changed to: DayPhase
[NarrativeManager] Loaded 0 dialogues
[NarrativeManager] Loaded 9 default dialogues
]]></output>
              </test-case>
              <test-case id="1006" name="Marker_FastDayToNightTransition_DoesNotRestoreMissionMarkers" fullname="Deadlight.Tests.PlayMode.EdgeFlowSmokeRuntimeTests.Marker_FastDayToNightTransition_DoesNotRestoreMissionMarkers" methodname="Marker_FastDayToNightTransition_DoesNotRestoreMissionMarkers" classname="Deadlight.Tests.PlayMode.EdgeFlowSmokeRuntimeTests" runstate="Runnable" seed="764256465" result="Passed" start-time="2026-04-23 01:59:01Z" end-time="2026-04-23 01:59:02Z" duration="0.668772" asserts="0">
                <properties>
                  <property name="_JOINTYPE" value="UnityCombinatorial" />
                  <property name="retryIteration" value="0" />
                  <property name="repeatIteration" value="0" />
                </properties>
                <output><![CDATA[[DayNightCycle] Day phase started
[GameManager] State changed to: DayPhase
[NarrativeManager] Night changed to 1
[DayNightCycle] Night phase started
[GameManager] State changed to: NightPhase
]]></output>
              </test-case>
              <test-case id="1003" name="ObjectiveMissPenalty_ForcesAdvanceAndAppliesExactlyOneNight" fullname="Deadlight.Tests.PlayMode.EdgeFlowSmokeRuntimeTests.ObjectiveMissPenalty_ForcesAdvanceAndAppliesExactlyOneNight" methodname="ObjectiveMissPenalty_ForcesAdvanceAndAppliesExactlyOneNight" classname="Deadlight.Tests.PlayMode.EdgeFlowSmokeRuntimeTests" runstate="Runnable" seed="142825634" result="Passed" start-time="2026-04-23 01:59:02Z" end-time="2026-04-23 01:59:02Z" duration="0.017231" asserts="0">
                <properties>
                  <property name="_JOINTYPE" value="UnityCombinatorial" />
                  <property name="retryIteration" value="0" />
                  <property name="repeatIteration" value="0" />
                </properties>
                <output><![CDATA[[DayNightCycle] Day phase started
[GameManager] State changed to: DayPhase
[NarrativeManager] Night changed to 1
[DayNightCycle] Night phase started
[GameManager] State changed to: NightPhase
[PointsSystem] +150 points (Night Survived). Total: 150
[PointsSystem] +50 points (Night Grade B). Total: 200
[PointsSystem] +100 points (Night 1 Milestone). Total: 300
[ProgressionManager] Milestone completed: Night 1 cleared - First Dawn supply stipend
[GameManager] State changed to: DawnPhase
[NarrativeManager] Night changed to 2
[DayNightCycle] Day phase started
[GameManager] State changed to: DayPhase
[PointsSystem] +200 points (Night Survived). Total: 500
[PointsSystem] +50 points (Night Grade B). Total: 550
[PointsSystem] +125 points (Night 2 Milestone). Total: 675
[ProgressionManager] Milestone completed: Night 2 cleared - Escalation supply stipend
[GameManager] State changed to: DawnPhase
[NarrativeManager] Night changed to 3
[DayNightCycle] Day phase started
[GameManager] State changed to: DayPhase
]]></output>
              </test-case>
              <test-case id="1004" name="PointsSystem_RejectsNonPositiveSpendAmounts" fullname="Deadlight.Tests.PlayMode.EdgeFlowSmokeRuntimeTests.PointsSystem_RejectsNonPositiveSpendAmounts" methodname="PointsSystem_RejectsNonPositiveSpendAmounts" classname="Deadlight.Tests.PlayMode.EdgeFlowSmokeRuntimeTests" runstate="Runnable" seed="92790252" result="Passed" start-time="2026-04-23 01:59:02Z" end-time="2026-04-23 01:59:02Z" duration="0.005320" asserts="0">
                <properties>
                  <property name="_JOINTYPE" value="UnityCombinatorial" />
                  <property name="retryIteration" value="0" />
                  <property name="repeatIteration" value="0" />
                </properties>
                <output><![CDATA[[DayNightCycle] Day phase started
[GameManager] State changed to: DayPhase
[NarrativeManager] Night changed to 1
[PointsSystem] +120 points (Test Seed). Total: 120
[PointsSystem] Refusing invalid spend amount: 0 (Invalid Zero)
[PointsSystem] Refusing invalid spend amount: -25 (Invalid Negative)
]]></output>
              </test-case>
              <test-case id="1002" name="RetryDawn_DoesNotGrantNightRewardOrIncrementSurvivedCount" fullname="Deadlight.Tests.PlayMode.EdgeFlowSmokeRuntimeTests.RetryDawn_DoesNotGrantNightRewardOrIncrementSurvivedCount" methodname="RetryDawn_DoesNotGrantNightRewardOrIncrementSurvivedCount" classname="Deadlight.Tests.PlayMode.EdgeFlowSmokeRuntimeTests" runstate="Runnable" seed="236684107" result="Passed" start-time="2026-04-23 01:59:02Z" end-time="2026-04-23 01:59:02Z" duration="0.008790" asserts="0">
                <properties>
                  <property name="_JOINTYPE" value="UnityCombinatorial" />
                  <property name="retryIteration" value="0" />
                  <property name="repeatIteration" value="0" />
                </properties>
                <output><![CDATA[[DayNightCycle] Day phase started
[GameManager] State changed to: DayPhase
[NarrativeManager] Night changed to 1
[DayNightCycle] Night phase started
[GameManager] State changed to: NightPhase
[PointsSystem] +100 points (Night 1 Milestone). Total: 100
[ProgressionManager] Milestone completed: Night 1 cleared - First Dawn supply stipend
[GameManager] State changed to: DawnPhase
[NarrativeManager] Night changed to 1
[DayNightCycle] Day phase started
[GameManager] State changed to: DayPhase
]]></output>
              </test-case>
            </test-suite>
            <test-suite type="TestFixture" id="1007" name="LevelTransitionResetRuntimeTests" fullname="Deadlight.Tests.PlayMode.LevelTransitionResetRuntimeTests" classname="Deadlight.Tests.PlayMode.LevelTransitionResetRuntimeTests" runstate="Runnable" testcasecount="1" result="Passed" start-time="2026-04-23 01:59:02Z" end-time="2026-04-23 01:59:02Z" duration="0.007416" total="1" passed="1" failed="0" inconclusive="0" skipped="0" asserts="0">
              <properties />
              <test-case id="1008" name="StartNextLevel_ResetsPointsUpgradesAndLoadout" fullname="Deadlight.Tests.PlayMode.LevelTransitionResetRuntimeTests.StartNextLevel_ResetsPointsUpgradesAndLoadout" methodname="StartNextLevel_ResetsPointsUpgradesAndLoadout" classname="Deadlight.Tests.PlayMode.LevelTransitionResetRuntimeTests" runstate="Runnable" seed="201024625" result="Passed" start-time="2026-04-23 01:59:02Z" end-time="2026-04-23 01:59:02Z" duration="0.006855" asserts="0">
                <properties>
                  <property name="_JOINTYPE" value="UnityCombinatorial" />
                  <property name="retryIteration" value="0" />
                  <property name="repeatIteration" value="0" />
                </properties>
                <output><![CDATA[[DayNightCycle] Day phase started
[GameManager] State changed to: DayPhase
[NarrativeManager] Night changed to 1
[PointsSystem] +600 points (test seed). Total: 600
[PointsSystem] -75 points (Damage Upgrade). Remaining: 525
[NarrativeManager] Night changed to 2
]]></output>
              </test-case>
            </test-suite>
            <test-suite type="TestFixture" id="1009" name="WeaponLoadoutRuntimeTests" fullname="Deadlight.Tests.PlayMode.WeaponLoadoutRuntimeTests" classname="Deadlight.Tests.PlayMode.WeaponLoadoutRuntimeTests" runstate="Runnable" testcasecount="1" result="Passed" start-time="2026-04-23 01:59:02Z" end-time="2026-04-23 01:59:02Z" duration="0.002656" total="1" passed="1" failed="0" inconclusive="0" skipped="0" asserts="0">
              <properties />
              <test-case id="1010" name="Loadout_AllowsFourWeapons_AndRejectsFifth" fullname="Deadlight.Tests.PlayMode.WeaponLoadoutRuntimeTests.Loadout_AllowsFourWeapons_AndRejectsFifth" methodname="Loadout_AllowsFourWeapons_AndRejectsFifth" classname="Deadlight.Tests.PlayMode.WeaponLoadoutRuntimeTests" runstate="Runnable" seed="630830118" result="Passed" start-time="2026-04-23 01:59:02Z" end-time="2026-04-23 01:59:02Z" duration="0.002192" asserts="0">
                <properties>
                  <property name="_JOINTYPE" value="UnityCombinatorial" />
                  <property name="retryIteration" value="0" />
                  <property name="repeatIteration" value="0" />
                </properties>
                <output><![CDATA[Saving results to: /Users/simar/Library/Application Support/Group16/Deadlight/TestResults.xml
]]></output>
              </test-case>
            </test-suite>
          </test-suite>
        </test-suite>
      </test-suite>
    </test-suite>
  </test-suite>
</test-run>